[INFO] Scanning for projects...
Downloading from nexus-maven-central: https://nexus.intern/repository/public/org/apache/maven/wagon/wagon-ssh/maven-metadata.xml
Downloaded from nexus-maven-central: https://nexus.intern/repository/public/org/apache/maven/wagon/wagon-ssh/maven-metadata.xml (1.7 kB at 4.3 kB/s)
[INFO] 
[INFO] ------------------< osplus.pkptuna:pkptuna-hazelcast >------------------
[INFO] Building pkptuna-hazelcast 0.0.1-SNAPSHOT
[INFO]   from pom.xml
[INFO] --------------------------------[ jar ]---------------------------------
Downloading from nexus-maven-central: https://nexus.intern/repository/public/osplus/dyns/DynsFachobjektFramework/251-SNAPSHOT/maven-metadata.xml
Downloaded from nexus-maven-central: https://nexus.intern/repository/public/osplus/dyns/DynsFachobjektFramework/251-SNAPSHOT/maven-metadata.xml (998 B at 15 kB/s)
Downloading from nexus-maven-central: https://nexus.intern/repository/public/osplus/dyns/DynsClient/251-SNAPSHOT/maven-metadata.xml
Downloaded from nexus-maven-central: https://nexus.intern/repository/public/osplus/dyns/DynsClient/251-SNAPSHOT/maven-metadata.xml (985 B at 14 kB/s)
Downloading from nexus-maven-central: https://nexus.intern/repository/public/osplus/dyns/DynsServicesMapper/251-SNAPSHOT/maven-metadata.xml
Downloaded from nexus-maven-central: https://nexus.intern/repository/public/osplus/dyns/DynsServicesMapper/251-SNAPSHOT/maven-metadata.xml (993 B at 14 kB/s)
Downloading from nexus-maven-central: https://nexus.intern/repository/public/osplus/dyns/DynsServicesBase/251-SNAPSHOT/maven-metadata.xml
Downloaded from nexus-maven-central: https://nexus.intern/repository/public/osplus/dyns/DynsServicesBase/251-SNAPSHOT/maven-metadata.xml (991 B at 9.7 kB/s)
Downloading from nexus-maven-central: https://nexus.intern/repository/public/osplus/types/common/OsplusTypesCommon/251-SNAPSHOT/maven-metadata.xml
Downloaded from nexus-maven-central: https://nexus.intern/repository/public/osplus/types/common/OsplusTypesCommon/251-SNAPSHOT/maven-metadata.xml (1.0 kB at 14 kB/s)
Downloading from nexus-maven-central: https://nexus.intern/repository/public/osplus/dyns/DynsClientSteuerungBase/251-SNAPSHOT/maven-metadata.xml
Downloaded from nexus-maven-central: https://nexus.intern/repository/public/osplus/dyns/DynsClientSteuerungBase/251-SNAPSHOT/maven-metadata.xml (1.2 kB at 18 kB/s)
Downloading from nexus-maven-central: https://nexus.intern/repository/public/osplus/dyns/ie/dynsgoof/osplus.dynsgoof.service.cs/250-SNAPSHOT/maven-metadata.xml
Downloaded from nexus-maven-central: https://nexus.intern/repository/public/osplus/dyns/ie/dynsgoof/osplus.dynsgoof.service.cs/250-SNAPSHOT/maven-metadata.xml (1.0 kB at 15 kB/s)
Downloading from nexus-maven-central: https://nexus.intern/repository/public/osplus/dyns/ie/dynsgoof/osplus.dynsgoof.service.fo/250-SNAPSHOT/maven-metadata.xml
Downloaded from nexus-maven-central: https://nexus.intern/repository/public/osplus/dyns/ie/dynsgoof/osplus.dynsgoof.service.fo/250-SNAPSHOT/maven-metadata.xml (1.0 kB at 15 kB/s)
Downloading from nexus-maven-central: https://nexus.intern/repository/public/osplus/dyns/osplus.dynssee.prozessgruppenuebergreifend.servicemtom.cs/250-SNAPSHOT/maven-metadata.xml
Downloaded from nexus-maven-central: https://nexus.intern/repository/public/osplus/dyns/osplus.dynssee.prozessgruppenuebergreifend.servicemtom.cs/250-SNAPSHOT/maven-metadata.xml (1.0 kB at 14 kB/s)
Downloading from nexus-maven-central: https://nexus.intern/repository/public/osplus/dyns/osplus.dynssee.prozessgruppenuebergreifend.servicemtom.fo/250-SNAPSHOT/maven-metadata.xml
Downloaded from nexus-maven-central: https://nexus.intern/repository/public/osplus/dyns/osplus.dynssee.prozessgruppenuebergreifend.servicemtom.fo/250-SNAPSHOT/maven-metadata.xml (1.0 kB at 14 kB/s)
Downloading from nexus-maven-central: https://nexus.intern/repository/public/osplus/dyns/DynsFramework/251-SNAPSHOT/maven-metadata.xml
Downloaded from nexus-maven-central: https://nexus.intern/repository/public/osplus/dyns/DynsFramework/251-SNAPSHOT/maven-metadata.xml (984 B at 13 kB/s)
Downloading from nexus-maven-central: https://nexus.intern/repository/public/osplus/dyns/fo/LOGIN/251-SNAPSHOT/maven-metadata.xml
Downloaded from nexus-maven-central: https://nexus.intern/repository/public/osplus/dyns/fo/LOGIN/251-SNAPSHOT/maven-metadata.xml (592 B at 8.5 kB/s)
Downloading from nexus-maven-central: https://nexus.intern/repository/public/osplus/dyns/ieProzesse/dda/Fachobjekte-IE-dda/251-SNAPSHOT/maven-metadata.xml
Downloaded from nexus-maven-central: https://nexus.intern/repository/public/osplus/dyns/ieProzesse/dda/Fachobjekte-IE-dda/251-SNAPSHOT/maven-metadata.xml (1.0 kB at 13 kB/s)
Downloading from nexus-maven-central: https://nexus.intern/repository/public/osplus/dyns/fo/LOGOFF/251-SNAPSHOT/maven-metadata.xml
Downloaded from nexus-maven-central: https://nexus.intern/repository/public/osplus/dyns/fo/LOGOFF/251-SNAPSHOT/maven-metadata.xml (593 B at 8.5 kB/s)
Downloading from nexus-maven-central: https://nexus.intern/repository/public/osplus/dyns/ieProzesse/ddp/Fachobjekte-IE-ddp/251-SNAPSHOT/maven-metadata.xml
Downloaded from nexus-maven-central: https://nexus.intern/repository/public/osplus/dyns/ieProzesse/ddp/Fachobjekte-IE-ddp/251-SNAPSHOT/maven-metadata.xml (1.0 kB at 12 kB/s)
Downloading from nexus-maven-central: https://nexus.intern/repository/public/osplus/dyns/pg/AUTHENTIFIKATION/Fachobjekte-PG-AUTHENTIFIKATION/251-SNAPSHOT/maven-metadata.xml
Downloaded from nexus-maven-central: https://nexus.intern/repository/public/osplus/dyns/pg/AUTHENTIFIKATION/Fachobjekte-PG-AUTHENTIFIKATION/251-SNAPSHOT/maven-metadata.xml (1.0 kB at 12 kB/s)
Downloading from nexus-maven-central: https://nexus.intern/repository/public/osplus/dyns/pg/ADMINISTRATION/Fachobjekte-PG-ADMINISTRATION/251-SNAPSHOT/maven-metadata.xml
Downloaded from nexus-maven-central: https://nexus.intern/repository/public/osplus/dyns/pg/ADMINISTRATION/Fachobjekte-PG-ADMINISTRATION/251-SNAPSHOT/maven-metadata.xml (1.0 kB at 16 kB/s)
Downloading from nexus-maven-central: https://nexus.intern/repository/public/osplus/dyns/ieProzesse/amm/Fachobjekte-IE-amm/251-SNAPSHOT/maven-metadata.xml
Downloaded from nexus-maven-central: https://nexus.intern/repository/public/osplus/dyns/ieProzesse/amm/Fachobjekte-IE-amm/251-SNAPSHOT/maven-metadata.xml (1.0 kB at 15 kB/s)
Downloading from nexus-maven-central: https://nexus.intern/repository/public/osplus/dyns/josp.log.jclbind/251-SNAPSHOT/maven-metadata.xml
Downloaded from nexus-maven-central: https://nexus.intern/repository/public/osplus/dyns/josp.log.jclbind/251-SNAPSHOT/maven-metadata.xml (987 B at 15 kB/s)
[INFO] 
[INFO] --- enforcer:3.5.0:enforce (enforce-no-apl-snapshots-in-release-build) @ pkptuna-hazelcast ---
[INFO] Rule 0: org.apache.maven.enforcer.rules.dependency.RequireReleaseDeps passed
[INFO] 
[INFO] --- dependency:3.8.1:properties (default) @ pkptuna-hazelcast ---
[INFO] 
[INFO] --- jacoco:0.8.12:prepare-agent (prepare-agent) @ pkptuna-hazelcast ---
[INFO] Skipping JaCoCo execution because property jacoco.skip is set.
[INFO] surefireArgLine set to empty
[INFO] 
[INFO] --- apl:251.0.0:set-build-properties (set-build-properties) @ pkptuna-hazelcast ---
[INFO] Build is Snapshot-Build. Maven-Variable apl.isSnapshotBuild is true
[INFO] 
[INFO] --- resources:3.3.1:resources (default-resources) @ pkptuna-hazelcast ---
[INFO] Copying 0 resource from src\main\resources to target\classes
[INFO] Copying 0 resource from src\main\resources to target\classes
[INFO] 
[INFO] --- compiler:3.14.0:compile (default-compile) @ pkptuna-hazelcast ---
[INFO] Nothing to compile - all classes are up to date.
[INFO] 
[INFO] --- resources:3.3.1:testResources (default-testResources) @ pkptuna-hazelcast ---
[INFO] skip non existing resourceDirectory C:\DEV\pkptuna-mkp\pkptuna-hazelcast\src\test\resources
[INFO] 
[INFO] --- compiler:3.14.0:testCompile (default-testCompile) @ pkptuna-hazelcast ---
[INFO] Recompiling the module because of changed source code.
[INFO] Compiling 7 source files with javac [debug parameters release 21] to target\test-classes
[INFO] /C:/DEV/pkptuna-mkp/pkptuna-hazelcast/src/test/java/osplus/pkptuna/hazelcast/config/FlowHandlerInitializerTest.java: Einige Eingabedateien verwenden nicht geprüfte oder unsichere Vorgänge.
[INFO] /C:/DEV/pkptuna-mkp/pkptuna-hazelcast/src/test/java/osplus/pkptuna/hazelcast/config/FlowHandlerInitializerTest.java: Wiederholen Sie die Kompilierung mit -Xlint:unchecked, um Details zu erhalten.
[INFO] 
[INFO] --- surefire:3.4.0:test (default-test) @ pkptuna-hazelcast ---
[INFO] Using auto detected provider org.apache.maven.surefire.junitplatform.JUnitPlatformProvider
[INFO] 
[INFO] -------------------------------------------------------
[INFO]  T E S T S
[INFO] -------------------------------------------------------
[INFO] Running osplus.pkptuna.hazelcast.config.FlowHandlerInitializerTest
OpenJDK 64-Bit Server VM warning: Sharing is only supported for boot loader classes because bootstrap classpath has been appended
[ERROR] Tests run: 1, Failures: 0, Errors: 1, Skipped: 0, Time elapsed: 11.73 s <<< FAILURE! -- in osplus.pkptuna.hazelcast.config.FlowHandlerInitializerTest
[ERROR] osplus.pkptuna.hazelcast.config.FlowHandlerInitializerTest -- Time elapsed: 11.73 s <<< ERROR!
java.lang.IllegalStateException: Failed to load ApplicationContext for [WebMergedContextConfiguration@52031e42 testClass = osplus.pkptuna.hazelcast.config.FlowHandlerInitializerTest, locations = [], classes = [osplus.apl.core.test.utils.AplTestRunner, osplus.pkptuna.hazelcast.config.FlowHandlerInitializerTest.LocalTestConfig, osplus.pkptuna.hazelcast.test.config.FlowHandlerTestConfiguration], contextInitializerClasses = [], activeProfiles = [], propertySourceDescriptors = [PropertySourceDescriptor[locations=[classpath:/apl-local.properties, classpath:/apl-core.properties, classpath:/apl-administration.properties, classpath:/apl-httpclient.properties, classpath:/apl-auth-application.properties, classpath:/mkp-build.properties, classpath:/apl-grid.properties], ignoreResourceNotFound=false, name=null, propertySourceFactory=null, encoding=null]], propertySourceProperties = ["spring.main.allow-bean-definition-overriding=true", "generichazelcast.polling-rate=20", "apl.application.name=uui", "apl.application.version=0.0.1-TEST", "org.springframework.boot.test.context.SpringBootTestContextBootstrapper=true"], contextCustomizers = [[ImportsContextCustomizer@faff2bf key = [org.springframework.boot.autoconfigure.security.oauth2.client.servlet.OAuth2ClientWebSecurityAutoConfiguration, osplus.apl.core.test.utils.AplTestConfiguration, org.springframework.boot.autoconfigure.security.saml2.Saml2RelyingPartyAutoConfiguration, org.springframework.boot.test.autoconfigure.web.servlet.MockMvcSecurityConfiguration, org.springframework.boot.test.autoconfigure.web.servlet.MockMvcWebClientAutoConfiguration, org.springframework.boot.test.autoconfigure.web.reactive.WebTestClientAutoConfiguration, org.springframework.boot.test.autoconfigure.web.servlet.MockMvcWebDriverAutoConfiguration, org.springframework.boot.test.autoconfigure.web.servlet.MockMvcAutoConfiguration, org.springframework.boot.autoconfigure.security.servlet.SecurityAutoConfiguration, org.springframework.boot.autoconfigure.security.servlet.SecurityFilterAutoConfiguration, org.springframework.boot.autoconfigure.security.servlet.UserDetailsServiceAutoConfiguration, org.springframework.boot.autoconfigure.security.oauth2.resource.servlet.OAuth2ResourceServerAutoConfiguration, org.springframework.boot.autoconfigure.security.oauth2.client.OAuth2ClientAutoConfiguration]], org.springframework.boot.test.context.filter.ExcludeFilterContextCustomizer@1f53a5dc, org.springframework.boot.test.json.DuplicateJsonObjectContextCustomizerFactory$DuplicateJsonObjectContextCustomizer@c7ba306, org.springframework.boot.test.mock.mockito.MockitoContextCustomizer@0, org.springframework.boot.test.web.client.TestRestTemplateContextCustomizer@21ba0741, org.springframework.boot.test.web.reactor.netty.DisableReactorResourceFactoryGlobalResourcesContextCustomizerFactory$DisableReactorResourceFactoryGlobalResourcesContextCustomizerCustomizer@7a67e3c6, org.springframework.boot.test.autoconfigure.OnFailureConditionReportContextCustomizerFactory$OnFailureConditionReportContextCustomizer@63f259c3, org.springframework.boot.test.autoconfigure.actuate.observability.ObservabilityContextCustomizerFactory$DisableObservabilityContextCustomizer@1f, org.springframework.boot.test.autoconfigure.properties.PropertyMappingContextCustomizer@4b3fa0b3, org.springframework.boot.test.autoconfigure.web.servlet.WebDriverContextCustomizer@5a2d131d, org.springframework.test.context.support.DynamicPropertiesContextCustomizer@0, org.springframework.boot.test.context.SpringBootTestAnnotation@c41a6e5d], resourceBasePath = "src/main/webapp", contextLoader = org.springframework.boot.test.context.SpringBootContextLoader, parent = null]
	at org.springframework.test.context.cache.DefaultCacheAwareContextLoaderDelegate.loadContext(DefaultCacheAwareContextLoaderDelegate.java:180)
	at org.springframework.test.context.support.DefaultTestContext.getApplicationContext(DefaultTestContext.java:130)
	at org.springframework.test.context.web.ServletTestExecutionListener.setUpRequestContextIfNecessary(ServletTestExecutionListener.java:200)
	at org.springframework.test.context.web.ServletTestExecutionListener.prepareTestInstance(ServletTestExecutionListener.java:139)
	at org.springframework.test.context.TestContextManager.prepareTestInstance(TestContextManager.java:260)
	at org.springframework.test.context.junit.jupiter.SpringExtension.postProcessTestInstance(SpringExtension.java:159)
	at java.base/java.util.stream.ForEachOps$ForEachOp$OfRef.accept(ForEachOps.java:184)
	at java.base/java.util.stream.ReferencePipeline$3$1.accept(ReferencePipeline.java:197)
	at java.base/java.util.stream.ReferencePipeline$2$1.accept(ReferencePipeline.java:179)
	at java.base/java.util.stream.ReferencePipeline$3$1.accept(ReferencePipeline.java:197)
	at java.base/java.util.ArrayList$ArrayListSpliterator.forEachRemaining(ArrayList.java:1708)
	at java.base/java.util.stream.AbstractPipeline.copyInto(AbstractPipeline.java:509)
	at java.base/java.util.stream.AbstractPipeline.wrapAndCopyInto(AbstractPipeline.java:499)
	at java.base/java.util.stream.ForEachOps$ForEachOp.evaluateSequential(ForEachOps.java:151)
	at java.base/java.util.stream.ForEachOps$ForEachOp$OfRef.evaluateSequential(ForEachOps.java:174)
	at java.base/java.util.stream.AbstractPipeline.evaluate(AbstractPipeline.java:234)
	at java.base/java.util.stream.ReferencePipeline.forEach(ReferencePipeline.java:596)
	at java.base/java.util.Optional.orElseGet(Optional.java:364)
	at java.base/java.util.ArrayList.forEach(ArrayList.java:1596)
Caused by: org.springframework.beans.factory.BeanCreationException: Error creating bean with name 'handlerRegistry' defined in osplus.pkptuna.hazelcast.test.config.FlowHandlerTestConfiguration: Failed to instantiate [osplus.pkptuna.hazelcast.flows.FlowHandlerRegistry]: Factory method 'handlerRegistry' threw exception with message: Error creating bean with name 'sampleFlowHandler' defined in osplus.pkptuna.hazelcast.test.config.FlowHandlerTestConfiguration: Failed to instantiate [osplus.pkptuna.hazelcast.flows.FlowHandler]: Factory method 'sampleFlowHandler' threw exception with message: Cannot invoke "Object.hashCode()" because the return value of "com.google.protobuf.AbstractMessage.getDescriptorForType()" is null
	at org.springframework.beans.factory.support.ConstructorResolver.instantiate(ConstructorResolver.java:657)
	at org.springframework.beans.factory.support.ConstructorResolver.instantiateUsingFactoryMethod(ConstructorResolver.java:489)
	at org.springframework.beans.factory.support.AbstractAutowireCapableBeanFactory.instantiateUsingFactoryMethod(AbstractAutowireCapableBeanFactory.java:1375)
	at org.springframework.beans.factory.support.AbstractAutowireCapableBeanFactory.createBeanInstance(AbstractAutowireCapableBeanFactory.java:1205)
	at org.springframework.beans.factory.support.AbstractAutowireCapableBeanFactory.doCreateBean(AbstractAutowireCapableBeanFactory.java:569)
	at org.springframework.beans.factory.support.AbstractAutowireCapableBeanFactory.createBean(AbstractAutowireCapableBeanFactory.java:529)
	at org.springframework.beans.factory.support.AbstractBeanFactory.lambda$doGetBean$0(AbstractBeanFactory.java:339)
	at org.springframework.beans.factory.support.DefaultSingletonBeanRegistry.getSingleton(DefaultSingletonBeanRegistry.java:373)
	at org.springframework.beans.factory.support.AbstractBeanFactory.doGetBean(AbstractBeanFactory.java:337)
	at org.springframework.beans.factory.support.AbstractBeanFactory.getBean(AbstractBeanFactory.java:202)
	at org.springframework.beans.factory.support.DefaultListableBeanFactory.instantiateSingleton(DefaultListableBeanFactory.java:1222)
	at org.springframework.beans.factory.support.DefaultListableBeanFactory.preInstantiateSingleton(DefaultListableBeanFactory.java:1188)
	at org.springframework.beans.factory.support.DefaultListableBeanFactory.preInstantiateSingletons(DefaultListableBeanFactory.java:1123)
	at org.springframework.context.support.AbstractApplicationContext.finishBeanFactoryInitialization(AbstractApplicationContext.java:987)
	at org.springframework.context.support.AbstractApplicationContext.refresh(AbstractApplicationContext.java:627)
	at org.springframework.boot.SpringApplication.refresh(SpringApplication.java:752)
	at org.springframework.boot.SpringApplication.refreshContext(SpringApplication.java:439)
	at org.springframework.boot.SpringApplication.run(SpringApplication.java:318)
	at org.springframework.boot.test.context.SpringBootContextLoader.lambda$loadContext$3(SpringBootContextLoader.java:144)
	at org.springframework.util.function.ThrowingSupplier.get(ThrowingSupplier.java:58)
	at org.springframework.util.function.ThrowingSupplier.get(ThrowingSupplier.java:46)
	at org.springframework.boot.SpringApplication.withHook(SpringApplication.java:1461)
	at org.springframework.boot.test.context.SpringBootContextLoader$ContextLoaderHook.run(SpringBootContextLoader.java:563)
	at org.springframework.boot.test.context.SpringBootContextLoader.loadContext(SpringBootContextLoader.java:144)
	at org.springframework.boot.test.context.SpringBootContextLoader.loadContext(SpringBootContextLoader.java:110)
	at org.springframework.test.context.cache.DefaultCacheAwareContextLoaderDelegate.loadContextInternal(DefaultCacheAwareContextLoaderDelegate.java:225)
	at org.springframework.test.context.cache.DefaultCacheAwareContextLoaderDelegate.loadContext(DefaultCacheAwareContextLoaderDelegate.java:152)
	... 18 more
Caused by: org.springframework.beans.BeanInstantiationException: Failed to instantiate [osplus.pkptuna.hazelcast.flows.FlowHandlerRegistry]: Factory method 'handlerRegistry' threw exception with message: Error creating bean with name 'sampleFlowHandler' defined in osplus.pkptuna.hazelcast.test.config.FlowHandlerTestConfiguration: Failed to instantiate [osplus.pkptuna.hazelcast.flows.FlowHandler]: Factory method 'sampleFlowHandler' threw exception with message: Cannot invoke "Object.hashCode()" because the return value of "com.google.protobuf.AbstractMessage.getDescriptorForType()" is null
	at org.springframework.beans.factory.support.SimpleInstantiationStrategy.lambda$instantiate$0(SimpleInstantiationStrategy.java:199)
	at org.springframework.beans.factory.support.SimpleInstantiationStrategy.instantiateWithFactoryMethod(SimpleInstantiationStrategy.java:88)
	at org.springframework.beans.factory.support.SimpleInstantiationStrategy.instantiate(SimpleInstantiationStrategy.java:168)
	at osplus.apl.core.AplInstantiationStrategy.instantiate(AplInstantiationStrategy.java:35)
	at org.springframework.beans.factory.support.ConstructorResolver.instantiate(ConstructorResolver.java:653)
	... 44 more
Caused by: org.springframework.beans.factory.BeanCreationException: Error creating bean with name 'sampleFlowHandler' defined in osplus.pkptuna.hazelcast.test.config.FlowHandlerTestConfiguration: Failed to instantiate [osplus.pkptuna.hazelcast.flows.FlowHandler]: Factory method 'sampleFlowHandler' threw exception with message: Cannot invoke "Object.hashCode()" because the return value of "com.google.protobuf.AbstractMessage.getDescriptorForType()" is null
	at org.springframework.beans.factory.support.ConstructorResolver.instantiate(ConstructorResolver.java:657)
	at org.springframework.beans.factory.support.ConstructorResolver.instantiateUsingFactoryMethod(ConstructorResolver.java:489)
	at org.springframework.beans.factory.support.AbstractAutowireCapableBeanFactory.instantiateUsingFactoryMethod(AbstractAutowireCapableBeanFactory.java:1375)
	at org.springframework.beans.factory.support.AbstractAutowireCapableBeanFactory.createBeanInstance(AbstractAutowireCapableBeanFactory.java:1205)
	at org.springframework.beans.factory.support.AbstractAutowireCapableBeanFactory.doCreateBean(AbstractAutowireCapableBeanFactory.java:569)
	at org.springframework.beans.factory.support.AbstractAutowireCapableBeanFactory.createBean(AbstractAutowireCapableBeanFactory.java:529)
	at org.springframework.beans.factory.support.AbstractBeanFactory.lambda$doGetBean$0(AbstractBeanFactory.java:339)
	at org.springframework.beans.factory.support.DefaultSingletonBeanRegistry.getSingleton(DefaultSingletonBeanRegistry.java:373)
	at org.springframework.beans.factory.support.AbstractBeanFactory.doGetBean(AbstractBeanFactory.java:337)
	at org.springframework.beans.factory.support.AbstractBeanFactory.getBean(AbstractBeanFactory.java:202)
	at org.springframework.context.annotation.ConfigurationClassEnhancer$BeanMethodInterceptor.resolveBeanReference(ConfigurationClassEnhancer.java:432)
	at org.springframework.context.annotation.ConfigurationClassEnhancer$BeanMethodInterceptor.intercept(ConfigurationClassEnhancer.java:403)
	at osplus.pkptuna.hazelcast.test.config.FlowHandlerTestConfiguration$$SpringCGLIB$$0.sampleFlowHandler(<generated>)
	at osplus.pkptuna.hazelcast.test.config.FlowHandlerTestConfiguration.handlerRegistry(FlowHandlerTestConfiguration.java:33)
	at osplus.pkptuna.hazelcast.test.config.FlowHandlerTestConfiguration$$SpringCGLIB$$0.CGLIB$handlerRegistry$2(<generated>)
	at osplus.pkptuna.hazelcast.test.config.FlowHandlerTestConfiguration$$SpringCGLIB$$FastClass$$1.invoke(<generated>)
	at org.springframework.cglib.proxy.MethodProxy.invokeSuper(MethodProxy.java:258)
	at org.springframework.context.annotation.ConfigurationClassEnhancer$BeanMethodInterceptor.intercept(ConfigurationClassEnhancer.java:400)
	at osplus.pkptuna.hazelcast.test.config.FlowHandlerTestConfiguration$$SpringCGLIB$$0.handlerRegistry(<generated>)
	at java.base/java.lang.reflect.Method.invoke(Method.java:580)
	at org.springframework.beans.factory.support.SimpleInstantiationStrategy.lambda$instantiate$0(SimpleInstantiationStrategy.java:171)
	... 48 more
Caused by: org.springframework.beans.BeanInstantiationException: Failed to instantiate [osplus.pkptuna.hazelcast.flows.FlowHandler]: Factory method 'sampleFlowHandler' threw exception with message: Cannot invoke "Object.hashCode()" because the return value of "com.google.protobuf.AbstractMessage.getDescriptorForType()" is null
	at org.springframework.beans.factory.support.SimpleInstantiationStrategy.lambda$instantiate$0(SimpleInstantiationStrategy.java:199)
	at org.springframework.beans.factory.support.SimpleInstantiationStrategy.instantiateWithFactoryMethod(SimpleInstantiationStrategy.java:88)
	at org.springframework.beans.factory.support.SimpleInstantiationStrategy.instantiate(SimpleInstantiationStrategy.java:168)
	at osplus.apl.core.AplInstantiationStrategy.instantiate(AplInstantiationStrategy.java:35)
	at org.springframework.beans.factory.support.ConstructorResolver.instantiate(ConstructorResolver.java:653)
	... 68 more
Caused by: java.lang.NullPointerException: Cannot invoke "Object.hashCode()" because the return value of "com.google.protobuf.AbstractMessage.getDescriptorForType()" is null
	at com.google.protobuf.AbstractMessage.hashCode(AbstractMessage.java:154)
	at osplus.pkptuna.hazelcast.test.config.FlowHandlerTestConfiguration.sampleFlowHandler(FlowHandlerTestConfiguration.java:72)
	at osplus.pkptuna.hazelcast.test.config.FlowHandlerTestConfiguration$$SpringCGLIB$$0.CGLIB$sampleFlowHandler$5(<generated>)
	at osplus.pkptuna.hazelcast.test.config.FlowHandlerTestConfiguration$$SpringCGLIB$$FastClass$$1.invoke(<generated>)
	at org.springframework.cglib.proxy.MethodProxy.invokeSuper(MethodProxy.java:258)
	at org.springframework.context.annotation.ConfigurationClassEnhancer$BeanMethodInterceptor.intercept(ConfigurationClassEnhancer.java:400)
	at osplus.pkptuna.hazelcast.test.config.FlowHandlerTestConfiguration$$SpringCGLIB$$0.sampleFlowHandler(<generated>)
	at java.base/java.lang.reflect.Method.invoke(Method.java:580)
	at org.springframework.beans.factory.support.SimpleInstantiationStrategy.lambda$instantiate$0(SimpleInstantiationStrategy.java:171)
	... 72 more

[INFO] Running osplus.pkptuna.hazelcast.flows.FlowHandlerRegistryTest
OpenJDK 64-Bit Server VM warning: Sharing is only supported for boot loader classes because bootstrap classpath has been appended
[ERROR] Tests run: 1, Failures: 0, Errors: 1, Skipped: 0, Time elapsed: 11.45 s <<< FAILURE! -- in osplus.pkptuna.hazelcast.flows.FlowHandlerRegistryTest
[ERROR] osplus.pkptuna.hazelcast.flows.FlowHandlerRegistryTest -- Time elapsed: 11.45 s <<< ERROR!
java.lang.IllegalStateException: Failed to load ApplicationContext for [WebMergedContextConfiguration@50e3be0a testClass = osplus.pkptuna.hazelcast.flows.FlowHandlerRegistryTest, locations = [], classes = [osplus.apl.core.test.utils.AplTestRunner, osplus.pkptuna.hazelcast.flows.FlowHandlerRegistryTest.LocalTestConfig, osplus.pkptuna.hazelcast.test.config.FlowHandlerTestConfiguration], contextInitializerClasses = [], activeProfiles = [], propertySourceDescriptors = [PropertySourceDescriptor[locations=[classpath:/apl-local.properties, classpath:/apl-core.properties, classpath:/apl-administration.properties, classpath:/apl-httpclient.properties, classpath:/apl-auth-application.properties, classpath:/mkp-build.properties, classpath:/apl-grid.properties], ignoreResourceNotFound=false, name=null, propertySourceFactory=null, encoding=null]], propertySourceProperties = ["spring.main.allow-bean-definition-overriding=true", "generichazelcast.polling-rate=20", "apl.application.name=uui", "apl.application.version=0.0.1-TEST", "org.springframework.boot.test.context.SpringBootTestContextBootstrapper=true"], contextCustomizers = [[ImportsContextCustomizer@66cb7a21 key = [org.springframework.boot.autoconfigure.security.oauth2.client.servlet.OAuth2ClientWebSecurityAutoConfiguration, osplus.apl.core.test.utils.AplTestConfiguration, org.springframework.boot.autoconfigure.security.saml2.Saml2RelyingPartyAutoConfiguration, org.springframework.boot.test.autoconfigure.web.servlet.MockMvcSecurityConfiguration, org.springframework.boot.test.autoconfigure.web.servlet.MockMvcWebClientAutoConfiguration, org.springframework.boot.test.autoconfigure.web.reactive.WebTestClientAutoConfiguration, org.springframework.boot.test.autoconfigure.web.servlet.MockMvcWebDriverAutoConfiguration, org.springframework.boot.test.autoconfigure.web.servlet.MockMvcAutoConfiguration, org.springframework.boot.autoconfigure.security.servlet.SecurityAutoConfiguration, org.springframework.boot.autoconfigure.security.servlet.SecurityFilterAutoConfiguration, org.springframework.boot.autoconfigure.security.servlet.UserDetailsServiceAutoConfiguration, org.springframework.boot.autoconfigure.security.oauth2.resource.servlet.OAuth2ResourceServerAutoConfiguration, org.springframework.boot.autoconfigure.security.oauth2.client.OAuth2ClientAutoConfiguration]], org.springframework.boot.test.context.filter.ExcludeFilterContextCustomizer@1984b1f, org.springframework.boot.test.json.DuplicateJsonObjectContextCustomizerFactory$DuplicateJsonObjectContextCustomizer@6d167f58, org.springframework.boot.test.mock.mockito.MockitoContextCustomizer@0, org.springframework.boot.test.web.client.TestRestTemplateContextCustomizer@172b013, org.springframework.boot.test.web.reactor.netty.DisableReactorResourceFactoryGlobalResourcesContextCustomizerFactory$DisableReactorResourceFactoryGlobalResourcesContextCustomizerCustomizer@15713d56, org.springframework.boot.test.autoconfigure.OnFailureConditionReportContextCustomizerFactory$OnFailureConditionReportContextCustomizer@600b90df, org.springframework.boot.test.autoconfigure.actuate.observability.ObservabilityContextCustomizerFactory$DisableObservabilityContextCustomizer@1f, org.springframework.boot.test.autoconfigure.properties.PropertyMappingContextCustomizer@4b3fa0b3, org.springframework.boot.test.autoconfigure.web.servlet.WebDriverContextCustomizer@4ae9cfc1, org.springframework.test.context.support.DynamicPropertiesContextCustomizer@0, org.springframework.boot.test.context.SpringBootTestAnnotation@c41a6e5d], resourceBasePath = "src/main/webapp", contextLoader = org.springframework.boot.test.context.SpringBootContextLoader, parent = null]
	at org.springframework.test.context.cache.DefaultCacheAwareContextLoaderDelegate.loadContext(DefaultCacheAwareContextLoaderDelegate.java:180)
	at org.springframework.test.context.support.DefaultTestContext.getApplicationContext(DefaultTestContext.java:130)
	at org.springframework.test.context.web.ServletTestExecutionListener.setUpRequestContextIfNecessary(ServletTestExecutionListener.java:200)
	at org.springframework.test.context.web.ServletTestExecutionListener.prepareTestInstance(ServletTestExecutionListener.java:139)
	at org.springframework.test.context.TestContextManager.prepareTestInstance(TestContextManager.java:260)
	at org.springframework.test.context.junit.jupiter.SpringExtension.postProcessTestInstance(SpringExtension.java:159)
	at java.base/java.util.stream.ForEachOps$ForEachOp$OfRef.accept(ForEachOps.java:184)
	at java.base/java.util.stream.ReferencePipeline$3$1.accept(ReferencePipeline.java:197)
	at java.base/java.util.stream.ReferencePipeline$2$1.accept(ReferencePipeline.java:179)
	at java.base/java.util.stream.ReferencePipeline$3$1.accept(ReferencePipeline.java:197)
	at java.base/java.util.ArrayList$ArrayListSpliterator.forEachRemaining(ArrayList.java:1708)
	at java.base/java.util.stream.AbstractPipeline.copyInto(AbstractPipeline.java:509)
	at java.base/java.util.stream.AbstractPipeline.wrapAndCopyInto(AbstractPipeline.java:499)
	at java.base/java.util.stream.ForEachOps$ForEachOp.evaluateSequential(ForEachOps.java:151)
	at java.base/java.util.stream.ForEachOps$ForEachOp$OfRef.evaluateSequential(ForEachOps.java:174)
	at java.base/java.util.stream.AbstractPipeline.evaluate(AbstractPipeline.java:234)
	at java.base/java.util.stream.ReferencePipeline.forEach(ReferencePipeline.java:596)
	at java.base/java.util.Optional.orElseGet(Optional.java:364)
	at java.base/java.util.ArrayList.forEach(ArrayList.java:1596)
Caused by: org.springframework.beans.factory.BeanCreationException: Error creating bean with name 'handlerRegistry' defined in osplus.pkptuna.hazelcast.test.config.FlowHandlerTestConfiguration: Failed to instantiate [osplus.pkptuna.hazelcast.flows.FlowHandlerRegistry]: Factory method 'handlerRegistry' threw exception with message: Error creating bean with name 'sampleFlowHandler' defined in osplus.pkptuna.hazelcast.test.config.FlowHandlerTestConfiguration: Failed to instantiate [osplus.pkptuna.hazelcast.flows.FlowHandler]: Factory method 'sampleFlowHandler' threw exception with message: Cannot invoke "Object.hashCode()" because the return value of "com.google.protobuf.AbstractMessage.getDescriptorForType()" is null
	at org.springframework.beans.factory.support.ConstructorResolver.instantiate(ConstructorResolver.java:657)
	at org.springframework.beans.factory.support.ConstructorResolver.instantiateUsingFactoryMethod(ConstructorResolver.java:489)
	at org.springframework.beans.factory.support.AbstractAutowireCapableBeanFactory.instantiateUsingFactoryMethod(AbstractAutowireCapableBeanFactory.java:1375)
	at org.springframework.beans.factory.support.AbstractAutowireCapableBeanFactory.createBeanInstance(AbstractAutowireCapableBeanFactory.java:1205)
	at org.springframework.beans.factory.support.AbstractAutowireCapableBeanFactory.doCreateBean(AbstractAutowireCapableBeanFactory.java:569)
	at org.springframework.beans.factory.support.AbstractAutowireCapableBeanFactory.createBean(AbstractAutowireCapableBeanFactory.java:529)
	at org.springframework.beans.factory.support.AbstractBeanFactory.lambda$doGetBean$0(AbstractBeanFactory.java:339)
	at org.springframework.beans.factory.support.DefaultSingletonBeanRegistry.getSingleton(DefaultSingletonBeanRegistry.java:373)
	at org.springframework.beans.factory.support.AbstractBeanFactory.doGetBean(AbstractBeanFactory.java:337)
	at org.springframework.beans.factory.support.AbstractBeanFactory.getBean(AbstractBeanFactory.java:202)
	at org.springframework.beans.factory.support.DefaultListableBeanFactory.instantiateSingleton(DefaultListableBeanFactory.java:1222)
	at org.springframework.beans.factory.support.DefaultListableBeanFactory.preInstantiateSingleton(DefaultListableBeanFactory.java:1188)
	at org.springframework.beans.factory.support.DefaultListableBeanFactory.preInstantiateSingletons(DefaultListableBeanFactory.java:1123)
	at org.springframework.context.support.AbstractApplicationContext.finishBeanFactoryInitialization(AbstractApplicationContext.java:987)
	at org.springframework.context.support.AbstractApplicationContext.refresh(AbstractApplicationContext.java:627)
	at org.springframework.boot.SpringApplication.refresh(SpringApplication.java:752)
	at org.springframework.boot.SpringApplication.refreshContext(SpringApplication.java:439)
	at org.springframework.boot.SpringApplication.run(SpringApplication.java:318)
	at org.springframework.boot.test.context.SpringBootContextLoader.lambda$loadContext$3(SpringBootContextLoader.java:144)
	at org.springframework.util.function.ThrowingSupplier.get(ThrowingSupplier.java:58)
	at org.springframework.util.function.ThrowingSupplier.get(ThrowingSupplier.java:46)
	at org.springframework.boot.SpringApplication.withHook(SpringApplication.java:1461)
	at org.springframework.boot.test.context.SpringBootContextLoader$ContextLoaderHook.run(SpringBootContextLoader.java:563)
	at org.springframework.boot.test.context.SpringBootContextLoader.loadContext(SpringBootContextLoader.java:144)
	at org.springframework.boot.test.context.SpringBootContextLoader.loadContext(SpringBootContextLoader.java:110)
	at org.springframework.test.context.cache.DefaultCacheAwareContextLoaderDelegate.loadContextInternal(DefaultCacheAwareContextLoaderDelegate.java:225)
	at org.springframework.test.context.cache.DefaultCacheAwareContextLoaderDelegate.loadContext(DefaultCacheAwareContextLoaderDelegate.java:152)
	... 18 more
Caused by: org.springframework.beans.BeanInstantiationException: Failed to instantiate [osplus.pkptuna.hazelcast.flows.FlowHandlerRegistry]: Factory method 'handlerRegistry' threw exception with message: Error creating bean with name 'sampleFlowHandler' defined in osplus.pkptuna.hazelcast.test.config.FlowHandlerTestConfiguration: Failed to instantiate [osplus.pkptuna.hazelcast.flows.FlowHandler]: Factory method 'sampleFlowHandler' threw exception with message: Cannot invoke "Object.hashCode()" because the return value of "com.google.protobuf.AbstractMessage.getDescriptorForType()" is null
	at org.springframework.beans.factory.support.SimpleInstantiationStrategy.lambda$instantiate$0(SimpleInstantiationStrategy.java:199)
	at org.springframework.beans.factory.support.SimpleInstantiationStrategy.instantiateWithFactoryMethod(SimpleInstantiationStrategy.java:88)
	at org.springframework.beans.factory.support.SimpleInstantiationStrategy.instantiate(SimpleInstantiationStrategy.java:168)
	at osplus.apl.core.AplInstantiationStrategy.instantiate(AplInstantiationStrategy.java:35)
	at org.springframework.beans.factory.support.ConstructorResolver.instantiate(ConstructorResolver.java:653)
	... 44 more
Caused by: org.springframework.beans.factory.BeanCreationException: Error creating bean with name 'sampleFlowHandler' defined in osplus.pkptuna.hazelcast.test.config.FlowHandlerTestConfiguration: Failed to instantiate [osplus.pkptuna.hazelcast.flows.FlowHandler]: Factory method 'sampleFlowHandler' threw exception with message: Cannot invoke "Object.hashCode()" because the return value of "com.google.protobuf.AbstractMessage.getDescriptorForType()" is null
	at org.springframework.beans.factory.support.ConstructorResolver.instantiate(ConstructorResolver.java:657)
	at org.springframework.beans.factory.support.ConstructorResolver.instantiateUsingFactoryMethod(ConstructorResolver.java:489)
	at org.springframework.beans.factory.support.AbstractAutowireCapableBeanFactory.instantiateUsingFactoryMethod(AbstractAutowireCapableBeanFactory.java:1375)
	at org.springframework.beans.factory.support.AbstractAutowireCapableBeanFactory.createBeanInstance(AbstractAutowireCapableBeanFactory.java:1205)
	at org.springframework.beans.factory.support.AbstractAutowireCapableBeanFactory.doCreateBean(AbstractAutowireCapableBeanFactory.java:569)
	at org.springframework.beans.factory.support.AbstractAutowireCapableBeanFactory.createBean(AbstractAutowireCapableBeanFactory.java:529)
	at org.springframework.beans.factory.support.AbstractBeanFactory.lambda$doGetBean$0(AbstractBeanFactory.java:339)
	at org.springframework.beans.factory.support.DefaultSingletonBeanRegistry.getSingleton(DefaultSingletonBeanRegistry.java:373)
	at org.springframework.beans.factory.support.AbstractBeanFactory.doGetBean(AbstractBeanFactory.java:337)
	at org.springframework.beans.factory.support.AbstractBeanFactory.getBean(AbstractBeanFactory.java:202)
	at org.springframework.context.annotation.ConfigurationClassEnhancer$BeanMethodInterceptor.resolveBeanReference(ConfigurationClassEnhancer.java:432)
	at org.springframework.context.annotation.ConfigurationClassEnhancer$BeanMethodInterceptor.intercept(ConfigurationClassEnhancer.java:403)
	at osplus.pkptuna.hazelcast.test.config.FlowHandlerTestConfiguration$$SpringCGLIB$$0.sampleFlowHandler(<generated>)
	at osplus.pkptuna.hazelcast.test.config.FlowHandlerTestConfiguration.handlerRegistry(FlowHandlerTestConfiguration.java:33)
	at osplus.pkptuna.hazelcast.test.config.FlowHandlerTestConfiguration$$SpringCGLIB$$0.CGLIB$handlerRegistry$7(<generated>)
	at osplus.pkptuna.hazelcast.test.config.FlowHandlerTestConfiguration$$SpringCGLIB$$FastClass$$1.invoke(<generated>)
	at org.springframework.cglib.proxy.MethodProxy.invokeSuper(MethodProxy.java:258)
	at org.springframework.context.annotation.ConfigurationClassEnhancer$BeanMethodInterceptor.intercept(ConfigurationClassEnhancer.java:400)
	at osplus.pkptuna.hazelcast.test.config.FlowHandlerTestConfiguration$$SpringCGLIB$$0.handlerRegistry(<generated>)
	at java.base/java.lang.reflect.Method.invoke(Method.java:580)
	at org.springframework.beans.factory.support.SimpleInstantiationStrategy.lambda$instantiate$0(SimpleInstantiationStrategy.java:171)
	... 48 more
Caused by: org.springframework.beans.BeanInstantiationException: Failed to instantiate [osplus.pkptuna.hazelcast.flows.FlowHandler]: Factory method 'sampleFlowHandler' threw exception with message: Cannot invoke "Object.hashCode()" because the return value of "com.google.protobuf.AbstractMessage.getDescriptorForType()" is null
	at org.springframework.beans.factory.support.SimpleInstantiationStrategy.lambda$instantiate$0(SimpleInstantiationStrategy.java:199)
	at org.springframework.beans.factory.support.SimpleInstantiationStrategy.instantiateWithFactoryMethod(SimpleInstantiationStrategy.java:88)
	at org.springframework.beans.factory.support.SimpleInstantiationStrategy.instantiate(SimpleInstantiationStrategy.java:168)
	at osplus.apl.core.AplInstantiationStrategy.instantiate(AplInstantiationStrategy.java:35)
	at org.springframework.beans.factory.support.ConstructorResolver.instantiate(ConstructorResolver.java:653)
	... 68 more
Caused by: java.lang.NullPointerException: Cannot invoke "Object.hashCode()" because the return value of "com.google.protobuf.AbstractMessage.getDescriptorForType()" is null
	at com.google.protobuf.AbstractMessage.hashCode(AbstractMessage.java:154)
	at osplus.pkptuna.hazelcast.test.config.FlowHandlerTestConfiguration.sampleFlowHandler(FlowHandlerTestConfiguration.java:72)
	at osplus.pkptuna.hazelcast.test.config.FlowHandlerTestConfiguration$$SpringCGLIB$$0.CGLIB$sampleFlowHandler$0(<generated>)
	at osplus.pkptuna.hazelcast.test.config.FlowHandlerTestConfiguration$$SpringCGLIB$$FastClass$$1.invoke(<generated>)
	at org.springframework.cglib.proxy.MethodProxy.invokeSuper(MethodProxy.java:258)
	at org.springframework.context.annotation.ConfigurationClassEnhancer$BeanMethodInterceptor.intercept(ConfigurationClassEnhancer.java:400)
	at osplus.pkptuna.hazelcast.test.config.FlowHandlerTestConfiguration$$SpringCGLIB$$0.sampleFlowHandler(<generated>)
	at java.base/java.lang.reflect.Method.invoke(Method.java:580)
	at org.springframework.beans.factory.support.SimpleInstantiationStrategy.lambda$instantiate$0(SimpleInstantiationStrategy.java:171)
	... 72 more

[INFO] Running osplus.pkptuna.hazelcast.pubsub.GenericHazelcastConsumerTest
OpenJDK 64-Bit Server VM warning: Sharing is only supported for boot loader classes because bootstrap classpath has been appended
[ERROR] Tests run: 1, Failures: 0, Errors: 1, Skipped: 0, Time elapsed: 12.12 s <<< FAILURE! -- in osplus.pkptuna.hazelcast.pubsub.GenericHazelcastConsumerTest
[ERROR] osplus.pkptuna.hazelcast.pubsub.GenericHazelcastConsumerTest -- Time elapsed: 12.12 s <<< ERROR!
java.lang.IllegalStateException: Failed to load ApplicationContext for [WebMergedContextConfiguration@68938ccf testClass = osplus.pkptuna.hazelcast.pubsub.GenericHazelcastConsumerTest, locations = [], classes = [osplus.apl.core.test.utils.AplTestRunner, osplus.pkptuna.hazelcast.pubsub.GenericHazelcastConsumerTest.LocalTestConfig, osplus.pkptuna.hazelcast.test.config.FlowHandlerTestConfiguration], contextInitializerClasses = [], activeProfiles = [], propertySourceDescriptors = [PropertySourceDescriptor[locations=[classpath:/apl-local.properties, classpath:/apl-core.properties, classpath:/apl-administration.properties, classpath:/apl-httpclient.properties, classpath:/apl-auth-application.properties, classpath:/mkp-build.properties, classpath:/apl-grid.properties], ignoreResourceNotFound=false, name=null, propertySourceFactory=null, encoding=null]], propertySourceProperties = ["spring.main.allow-bean-definition-overriding=true", "generichazelcast.polling-rate=20", "apl.application.name=uui", "apl.application.version=0.0.1-TEST", "org.springframework.boot.test.context.SpringBootTestContextBootstrapper=true"], contextCustomizers = [[ImportsContextCustomizer@3015fc1b key = [org.springframework.boot.autoconfigure.security.oauth2.client.servlet.OAuth2ClientWebSecurityAutoConfiguration, osplus.apl.core.test.utils.AplTestConfiguration, org.springframework.boot.autoconfigure.security.saml2.Saml2RelyingPartyAutoConfiguration, org.springframework.boot.test.autoconfigure.web.servlet.MockMvcSecurityConfiguration, org.springframework.boot.test.autoconfigure.web.servlet.MockMvcWebClientAutoConfiguration, org.springframework.boot.test.autoconfigure.web.reactive.WebTestClientAutoConfiguration, org.springframework.boot.test.autoconfigure.web.servlet.MockMvcWebDriverAutoConfiguration, org.springframework.boot.test.autoconfigure.web.servlet.MockMvcAutoConfiguration, org.springframework.boot.autoconfigure.security.servlet.SecurityAutoConfiguration, org.springframework.boot.autoconfigure.security.servlet.SecurityFilterAutoConfiguration, org.springframework.boot.autoconfigure.security.servlet.UserDetailsServiceAutoConfiguration, org.springframework.boot.autoconfigure.security.oauth2.resource.servlet.OAuth2ResourceServerAutoConfiguration, org.springframework.boot.autoconfigure.security.oauth2.client.OAuth2ClientAutoConfiguration]], org.springframework.boot.test.context.filter.ExcludeFilterContextCustomizer@38b27cdc, org.springframework.boot.test.json.DuplicateJsonObjectContextCustomizerFactory$DuplicateJsonObjectContextCustomizer@3e6104fc, org.springframework.boot.test.mock.mockito.MockitoContextCustomizer@0, org.springframework.boot.test.web.client.TestRestTemplateContextCustomizer@2c78d320, org.springframework.boot.test.web.reactor.netty.DisableReactorResourceFactoryGlobalResourcesContextCustomizerFactory$DisableReactorResourceFactoryGlobalResourcesContextCustomizerCustomizer@558bdf1f, org.springframework.boot.test.autoconfigure.OnFailureConditionReportContextCustomizerFactory$OnFailureConditionReportContextCustomizer@67545b57, org.springframework.boot.test.autoconfigure.actuate.observability.ObservabilityContextCustomizerFactory$DisableObservabilityContextCustomizer@1f, org.springframework.boot.test.autoconfigure.properties.PropertyMappingContextCustomizer@4b3fa0b3, org.springframework.boot.test.autoconfigure.web.servlet.WebDriverContextCustomizer@a4add54, org.springframework.test.context.support.DynamicPropertiesContextCustomizer@0, org.springframework.boot.test.context.SpringBootTestAnnotation@c11ba97c], resourceBasePath = "src/main/webapp", contextLoader = org.springframework.boot.test.context.SpringBootContextLoader, parent = null]
	at org.springframework.test.context.cache.DefaultCacheAwareContextLoaderDelegate.loadContext(DefaultCacheAwareContextLoaderDelegate.java:180)
	at org.springframework.test.context.support.DefaultTestContext.getApplicationContext(DefaultTestContext.java:130)
	at org.springframework.test.context.web.ServletTestExecutionListener.setUpRequestContextIfNecessary(ServletTestExecutionListener.java:200)
	at org.springframework.test.context.web.ServletTestExecutionListener.prepareTestInstance(ServletTestExecutionListener.java:139)
	at org.springframework.test.context.TestContextManager.prepareTestInstance(TestContextManager.java:260)
	at org.springframework.test.context.junit.jupiter.SpringExtension.postProcessTestInstance(SpringExtension.java:159)
	at java.base/java.util.stream.ForEachOps$ForEachOp$OfRef.accept(ForEachOps.java:184)
	at java.base/java.util.stream.ReferencePipeline$3$1.accept(ReferencePipeline.java:197)
	at java.base/java.util.stream.ReferencePipeline$2$1.accept(ReferencePipeline.java:179)
	at java.base/java.util.stream.ReferencePipeline$3$1.accept(ReferencePipeline.java:197)
	at java.base/java.util.ArrayList$ArrayListSpliterator.forEachRemaining(ArrayList.java:1708)
	at java.base/java.util.stream.AbstractPipeline.copyInto(AbstractPipeline.java:509)
	at java.base/java.util.stream.AbstractPipeline.wrapAndCopyInto(AbstractPipeline.java:499)
	at java.base/java.util.stream.ForEachOps$ForEachOp.evaluateSequential(ForEachOps.java:151)
	at java.base/java.util.stream.ForEachOps$ForEachOp$OfRef.evaluateSequential(ForEachOps.java:174)
	at java.base/java.util.stream.AbstractPipeline.evaluate(AbstractPipeline.java:234)
	at java.base/java.util.stream.ReferencePipeline.forEach(ReferencePipeline.java:596)
	at java.base/java.util.Optional.orElseGet(Optional.java:364)
	at java.base/java.util.ArrayList.forEach(ArrayList.java:1596)
Caused by: org.springframework.beans.factory.BeanCreationException: Error creating bean with name 'handlerRegistry' defined in osplus.pkptuna.hazelcast.test.config.FlowHandlerTestConfiguration: Failed to instantiate [osplus.pkptuna.hazelcast.flows.FlowHandlerRegistry]: Factory method 'handlerRegistry' threw exception with message: Error creating bean with name 'sampleFlowHandler' defined in osplus.pkptuna.hazelcast.test.config.FlowHandlerTestConfiguration: Failed to instantiate [osplus.pkptuna.hazelcast.flows.FlowHandler]: Factory method 'sampleFlowHandler' threw exception with message: Cannot invoke "Object.hashCode()" because the return value of "com.google.protobuf.AbstractMessage.getDescriptorForType()" is null
	at org.springframework.beans.factory.support.ConstructorResolver.instantiate(ConstructorResolver.java:657)
	at org.springframework.beans.factory.support.ConstructorResolver.instantiateUsingFactoryMethod(ConstructorResolver.java:489)
	at org.springframework.beans.factory.support.AbstractAutowireCapableBeanFactory.instantiateUsingFactoryMethod(AbstractAutowireCapableBeanFactory.java:1375)
	at org.springframework.beans.factory.support.AbstractAutowireCapableBeanFactory.createBeanInstance(AbstractAutowireCapableBeanFactory.java:1205)
	at org.springframework.beans.factory.support.AbstractAutowireCapableBeanFactory.doCreateBean(AbstractAutowireCapableBeanFactory.java:569)
	at org.springframework.beans.factory.support.AbstractAutowireCapableBeanFactory.createBean(AbstractAutowireCapableBeanFactory.java:529)
	at org.springframework.beans.factory.support.AbstractBeanFactory.lambda$doGetBean$0(AbstractBeanFactory.java:339)
	at org.springframework.beans.factory.support.DefaultSingletonBeanRegistry.getSingleton(DefaultSingletonBeanRegistry.java:373)
	at org.springframework.beans.factory.support.AbstractBeanFactory.doGetBean(AbstractBeanFactory.java:337)
	at org.springframework.beans.factory.support.AbstractBeanFactory.getBean(AbstractBeanFactory.java:202)
	at org.springframework.beans.factory.support.DefaultListableBeanFactory.instantiateSingleton(DefaultListableBeanFactory.java:1222)
	at org.springframework.beans.factory.support.DefaultListableBeanFactory.preInstantiateSingleton(DefaultListableBeanFactory.java:1188)
	at org.springframework.beans.factory.support.DefaultListableBeanFactory.preInstantiateSingletons(DefaultListableBeanFactory.java:1123)
	at org.springframework.context.support.AbstractApplicationContext.finishBeanFactoryInitialization(AbstractApplicationContext.java:987)
	at org.springframework.context.support.AbstractApplicationContext.refresh(AbstractApplicationContext.java:627)
	at org.springframework.boot.SpringApplication.refresh(SpringApplication.java:752)
	at org.springframework.boot.SpringApplication.refreshContext(SpringApplication.java:439)
	at org.springframework.boot.SpringApplication.run(SpringApplication.java:318)
	at org.springframework.boot.test.context.SpringBootContextLoader.lambda$loadContext$3(SpringBootContextLoader.java:144)
	at org.springframework.util.function.ThrowingSupplier.get(ThrowingSupplier.java:58)
	at org.springframework.util.function.ThrowingSupplier.get(ThrowingSupplier.java:46)
	at org.springframework.boot.SpringApplication.withHook(SpringApplication.java:1461)
	at org.springframework.boot.test.context.SpringBootContextLoader$ContextLoaderHook.run(SpringBootContextLoader.java:563)
	at org.springframework.boot.test.context.SpringBootContextLoader.loadContext(SpringBootContextLoader.java:144)
	at org.springframework.boot.test.context.SpringBootContextLoader.loadContext(SpringBootContextLoader.java:110)
	at org.springframework.test.context.cache.DefaultCacheAwareContextLoaderDelegate.loadContextInternal(DefaultCacheAwareContextLoaderDelegate.java:225)
	at org.springframework.test.context.cache.DefaultCacheAwareContextLoaderDelegate.loadContext(DefaultCacheAwareContextLoaderDelegate.java:152)
	... 18 more
Caused by: org.springframework.beans.BeanInstantiationException: Failed to instantiate [osplus.pkptuna.hazelcast.flows.FlowHandlerRegistry]: Factory method 'handlerRegistry' threw exception with message: Error creating bean with name 'sampleFlowHandler' defined in osplus.pkptuna.hazelcast.test.config.FlowHandlerTestConfiguration: Failed to instantiate [osplus.pkptuna.hazelcast.flows.FlowHandler]: Factory method 'sampleFlowHandler' threw exception with message: Cannot invoke "Object.hashCode()" because the return value of "com.google.protobuf.AbstractMessage.getDescriptorForType()" is null
	at org.springframework.beans.factory.support.SimpleInstantiationStrategy.lambda$instantiate$0(SimpleInstantiationStrategy.java:199)
	at org.springframework.beans.factory.support.SimpleInstantiationStrategy.instantiateWithFactoryMethod(SimpleInstantiationStrategy.java:88)
	at org.springframework.beans.factory.support.SimpleInstantiationStrategy.instantiate(SimpleInstantiationStrategy.java:168)
	at osplus.apl.core.AplInstantiationStrategy.instantiate(AplInstantiationStrategy.java:35)
	at org.springframework.beans.factory.support.ConstructorResolver.instantiate(ConstructorResolver.java:653)
	... 44 more
Caused by: org.springframework.beans.factory.BeanCreationException: Error creating bean with name 'sampleFlowHandler' defined in osplus.pkptuna.hazelcast.test.config.FlowHandlerTestConfiguration: Failed to instantiate [osplus.pkptuna.hazelcast.flows.FlowHandler]: Factory method 'sampleFlowHandler' threw exception with message: Cannot invoke "Object.hashCode()" because the return value of "com.google.protobuf.AbstractMessage.getDescriptorForType()" is null
	at org.springframework.beans.factory.support.ConstructorResolver.instantiate(ConstructorResolver.java:657)
	at org.springframework.beans.factory.support.ConstructorResolver.instantiateUsingFactoryMethod(ConstructorResolver.java:489)
	at org.springframework.beans.factory.support.AbstractAutowireCapableBeanFactory.instantiateUsingFactoryMethod(AbstractAutowireCapableBeanFactory.java:1375)
	at org.springframework.beans.factory.support.AbstractAutowireCapableBeanFactory.createBeanInstance(AbstractAutowireCapableBeanFactory.java:1205)
	at org.springframework.beans.factory.support.AbstractAutowireCapableBeanFactory.doCreateBean(AbstractAutowireCapableBeanFactory.java:569)
	at org.springframework.beans.factory.support.AbstractAutowireCapableBeanFactory.createBean(AbstractAutowireCapableBeanFactory.java:529)
	at org.springframework.beans.factory.support.AbstractBeanFactory.lambda$doGetBean$0(AbstractBeanFactory.java:339)
	at org.springframework.beans.factory.support.DefaultSingletonBeanRegistry.getSingleton(DefaultSingletonBeanRegistry.java:373)
	at org.springframework.beans.factory.support.AbstractBeanFactory.doGetBean(AbstractBeanFactory.java:337)
	at org.springframework.beans.factory.support.AbstractBeanFactory.getBean(AbstractBeanFactory.java:202)
	at org.springframework.context.annotation.ConfigurationClassEnhancer$BeanMethodInterceptor.resolveBeanReference(ConfigurationClassEnhancer.java:432)
	at org.springframework.context.annotation.ConfigurationClassEnhancer$BeanMethodInterceptor.intercept(ConfigurationClassEnhancer.java:403)
	at osplus.pkptuna.hazelcast.test.config.FlowHandlerTestConfiguration$$SpringCGLIB$$0.sampleFlowHandler(<generated>)
	at osplus.pkptuna.hazelcast.test.config.FlowHandlerTestConfiguration.handlerRegistry(FlowHandlerTestConfiguration.java:33)
	at osplus.pkptuna.hazelcast.test.config.FlowHandlerTestConfiguration$$SpringCGLIB$$0.CGLIB$handlerRegistry$9(<generated>)
	at osplus.pkptuna.hazelcast.test.config.FlowHandlerTestConfiguration$$SpringCGLIB$$FastClass$$1.invoke(<generated>)
	at org.springframework.cglib.proxy.MethodProxy.invokeSuper(MethodProxy.java:258)
	at org.springframework.context.annotation.ConfigurationClassEnhancer$BeanMethodInterceptor.intercept(ConfigurationClassEnhancer.java:400)
	at osplus.pkptuna.hazelcast.test.config.FlowHandlerTestConfiguration$$SpringCGLIB$$0.handlerRegistry(<generated>)
	at java.base/java.lang.reflect.Method.invoke(Method.java:580)
	at org.springframework.beans.factory.support.SimpleInstantiationStrategy.lambda$instantiate$0(SimpleInstantiationStrategy.java:171)
	... 48 more
Caused by: org.springframework.beans.BeanInstantiationException: Failed to instantiate [osplus.pkptuna.hazelcast.flows.FlowHandler]: Factory method 'sampleFlowHandler' threw exception with message: Cannot invoke "Object.hashCode()" because the return value of "com.google.protobuf.AbstractMessage.getDescriptorForType()" is null
	at org.springframework.beans.factory.support.SimpleInstantiationStrategy.lambda$instantiate$0(SimpleInstantiationStrategy.java:199)
	at org.springframework.beans.factory.support.SimpleInstantiationStrategy.instantiateWithFactoryMethod(SimpleInstantiationStrategy.java:88)
	at org.springframework.beans.factory.support.SimpleInstantiationStrategy.instantiate(SimpleInstantiationStrategy.java:168)
	at osplus.apl.core.AplInstantiationStrategy.instantiate(AplInstantiationStrategy.java:35)
	at org.springframework.beans.factory.support.ConstructorResolver.instantiate(ConstructorResolver.java:653)
	... 68 more
Caused by: java.lang.NullPointerException: Cannot invoke "Object.hashCode()" because the return value of "com.google.protobuf.AbstractMessage.getDescriptorForType()" is null
	at com.google.protobuf.AbstractMessage.hashCode(AbstractMessage.java:154)
	at osplus.pkptuna.hazelcast.test.config.FlowHandlerTestConfiguration.sampleFlowHandler(FlowHandlerTestConfiguration.java:72)
	at osplus.pkptuna.hazelcast.test.config.FlowHandlerTestConfiguration$$SpringCGLIB$$0.CGLIB$sampleFlowHandler$4(<generated>)
	at osplus.pkptuna.hazelcast.test.config.FlowHandlerTestConfiguration$$SpringCGLIB$$FastClass$$1.invoke(<generated>)
	at org.springframework.cglib.proxy.MethodProxy.invokeSuper(MethodProxy.java:258)
	at org.springframework.context.annotation.ConfigurationClassEnhancer$BeanMethodInterceptor.intercept(ConfigurationClassEnhancer.java:400)
	at osplus.pkptuna.hazelcast.test.config.FlowHandlerTestConfiguration$$SpringCGLIB$$0.sampleFlowHandler(<generated>)
	at java.base/java.lang.reflect.Method.invoke(Method.java:580)
	at org.springframework.beans.factory.support.SimpleInstantiationStrategy.lambda$instantiate$0(SimpleInstantiationStrategy.java:171)
	... 72 more

[INFO] Running osplus.pkptuna.hazelcast.pubsub.GenericHazelcastRouterTest
OpenJDK 64-Bit Server VM warning: Sharing is only supported for boot loader classes because bootstrap classpath has been appended
[ERROR] Tests run: 1, Failures: 0, Errors: 1, Skipped: 0, Time elapsed: 12.00 s <<< FAILURE! -- in osplus.pkptuna.hazelcast.pubsub.GenericHazelcastRouterTest
[ERROR] osplus.pkptuna.hazelcast.pubsub.GenericHazelcastRouterTest -- Time elapsed: 12.00 s <<< ERROR!
java.lang.IllegalStateException: Failed to load ApplicationContext for [WebMergedContextConfiguration@6465f4a testClass = osplus.pkptuna.hazelcast.pubsub.GenericHazelcastRouterTest, locations = [], classes = [osplus.apl.core.test.utils.AplTestRunner, osplus.pkptuna.hazelcast.pubsub.GenericHazelcastRouterTest.LocalTestConfig, osplus.pkptuna.hazelcast.test.config.FlowHandlerTestConfiguration], contextInitializerClasses = [], activeProfiles = [], propertySourceDescriptors = [PropertySourceDescriptor[locations=[classpath:/apl-local.properties, classpath:/apl-core.properties, classpath:/apl-administration.properties, classpath:/apl-httpclient.properties, classpath:/apl-auth-application.properties, classpath:/mkp-build.properties, classpath:/apl-grid.properties], ignoreResourceNotFound=false, name=null, propertySourceFactory=null, encoding=null]], propertySourceProperties = ["spring.main.allow-bean-definition-overriding=true", "generichazelcast.polling-rate=20", "apl.application.name=uui", "apl.application.version=0.0.1-TEST", "org.springframework.boot.test.context.SpringBootTestContextBootstrapper=true"], contextCustomizers = [[ImportsContextCustomizer@5eff875a key = [org.springframework.boot.autoconfigure.security.oauth2.client.servlet.OAuth2ClientWebSecurityAutoConfiguration, osplus.apl.core.test.utils.AplTestConfiguration, org.springframework.boot.autoconfigure.security.saml2.Saml2RelyingPartyAutoConfiguration, org.springframework.boot.test.autoconfigure.web.servlet.MockMvcSecurityConfiguration, org.springframework.boot.test.autoconfigure.web.servlet.MockMvcWebClientAutoConfiguration, org.springframework.boot.test.autoconfigure.web.reactive.WebTestClientAutoConfiguration, org.springframework.boot.test.autoconfigure.web.servlet.MockMvcWebDriverAutoConfiguration, org.springframework.boot.test.autoconfigure.web.servlet.MockMvcAutoConfiguration, org.springframework.boot.autoconfigure.security.servlet.SecurityAutoConfiguration, org.springframework.boot.autoconfigure.security.servlet.SecurityFilterAutoConfiguration, org.springframework.boot.autoconfigure.security.servlet.UserDetailsServiceAutoConfiguration, org.springframework.boot.autoconfigure.security.oauth2.resource.servlet.OAuth2ResourceServerAutoConfiguration, org.springframework.boot.autoconfigure.security.oauth2.client.OAuth2ClientAutoConfiguration]], org.springframework.boot.test.context.filter.ExcludeFilterContextCustomizer@1fb669c3, org.springframework.boot.test.json.DuplicateJsonObjectContextCustomizerFactory$DuplicateJsonObjectContextCustomizer@68df9280, org.springframework.boot.test.mock.mockito.MockitoContextCustomizer@0, org.springframework.boot.test.web.client.TestRestTemplateContextCustomizer@7b205dbd, org.springframework.boot.test.web.reactor.netty.DisableReactorResourceFactoryGlobalResourcesContextCustomizerFactory$DisableReactorResourceFactoryGlobalResourcesContextCustomizerCustomizer@7582ff54, org.springframework.boot.test.autoconfigure.OnFailureConditionReportContextCustomizerFactory$OnFailureConditionReportContextCustomizer@5f354bcf, org.springframework.boot.test.autoconfigure.actuate.observability.ObservabilityContextCustomizerFactory$DisableObservabilityContextCustomizer@1f, org.springframework.boot.test.autoconfigure.properties.PropertyMappingContextCustomizer@4b3fa0b3, org.springframework.boot.test.autoconfigure.web.servlet.WebDriverContextCustomizer@5f9be66c, org.springframework.test.context.support.DynamicPropertiesContextCustomizer@0, org.springframework.boot.test.context.SpringBootTestAnnotation@f509f2ce], resourceBasePath = "src/main/webapp", contextLoader = org.springframework.boot.test.context.SpringBootContextLoader, parent = null]
	at org.springframework.test.context.cache.DefaultCacheAwareContextLoaderDelegate.loadContext(DefaultCacheAwareContextLoaderDelegate.java:180)
	at org.springframework.test.context.support.DefaultTestContext.getApplicationContext(DefaultTestContext.java:130)
	at org.springframework.test.context.web.ServletTestExecutionListener.setUpRequestContextIfNecessary(ServletTestExecutionListener.java:200)
	at org.springframework.test.context.web.ServletTestExecutionListener.prepareTestInstance(ServletTestExecutionListener.java:139)
	at org.springframework.test.context.TestContextManager.prepareTestInstance(TestContextManager.java:260)
	at org.springframework.test.context.junit.jupiter.SpringExtension.postProcessTestInstance(SpringExtension.java:159)
	at java.base/java.util.stream.ForEachOps$ForEachOp$OfRef.accept(ForEachOps.java:184)
	at java.base/java.util.stream.ReferencePipeline$3$1.accept(ReferencePipeline.java:197)
	at java.base/java.util.stream.ReferencePipeline$2$1.accept(ReferencePipeline.java:179)
	at java.base/java.util.stream.ReferencePipeline$3$1.accept(ReferencePipeline.java:197)
	at java.base/java.util.ArrayList$ArrayListSpliterator.forEachRemaining(ArrayList.java:1708)
	at java.base/java.util.stream.AbstractPipeline.copyInto(AbstractPipeline.java:509)
	at java.base/java.util.stream.AbstractPipeline.wrapAndCopyInto(AbstractPipeline.java:499)
	at java.base/java.util.stream.ForEachOps$ForEachOp.evaluateSequential(ForEachOps.java:151)
	at java.base/java.util.stream.ForEachOps$ForEachOp$OfRef.evaluateSequential(ForEachOps.java:174)
	at java.base/java.util.stream.AbstractPipeline.evaluate(AbstractPipeline.java:234)
	at java.base/java.util.stream.ReferencePipeline.forEach(ReferencePipeline.java:596)
	at java.base/java.util.Optional.orElseGet(Optional.java:364)
	at java.base/java.util.ArrayList.forEach(ArrayList.java:1596)
Caused by: org.springframework.beans.factory.BeanCreationException: Error creating bean with name 'handlerRegistry' defined in osplus.pkptuna.hazelcast.test.config.FlowHandlerTestConfiguration: Failed to instantiate [osplus.pkptuna.hazelcast.flows.FlowHandlerRegistry]: Factory method 'handlerRegistry' threw exception with message: Error creating bean with name 'sampleFlowHandler' defined in osplus.pkptuna.hazelcast.test.config.FlowHandlerTestConfiguration: Failed to instantiate [osplus.pkptuna.hazelcast.flows.FlowHandler]: Factory method 'sampleFlowHandler' threw exception with message: Cannot invoke "Object.hashCode()" because the return value of "com.google.protobuf.AbstractMessage.getDescriptorForType()" is null
	at org.springframework.beans.factory.support.ConstructorResolver.instantiate(ConstructorResolver.java:657)
	at org.springframework.beans.factory.support.ConstructorResolver.instantiateUsingFactoryMethod(ConstructorResolver.java:489)
	at org.springframework.beans.factory.support.AbstractAutowireCapableBeanFactory.instantiateUsingFactoryMethod(AbstractAutowireCapableBeanFactory.java:1375)
	at org.springframework.beans.factory.support.AbstractAutowireCapableBeanFactory.createBeanInstance(AbstractAutowireCapableBeanFactory.java:1205)
	at org.springframework.beans.factory.support.AbstractAutowireCapableBeanFactory.doCreateBean(AbstractAutowireCapableBeanFactory.java:569)
	at org.springframework.beans.factory.support.AbstractAutowireCapableBeanFactory.createBean(AbstractAutowireCapableBeanFactory.java:529)
	at org.springframework.beans.factory.support.AbstractBeanFactory.lambda$doGetBean$0(AbstractBeanFactory.java:339)
	at org.springframework.beans.factory.support.DefaultSingletonBeanRegistry.getSingleton(DefaultSingletonBeanRegistry.java:373)
	at org.springframework.beans.factory.support.AbstractBeanFactory.doGetBean(AbstractBeanFactory.java:337)
	at org.springframework.beans.factory.support.AbstractBeanFactory.getBean(AbstractBeanFactory.java:202)
	at org.springframework.beans.factory.support.DefaultListableBeanFactory.instantiateSingleton(DefaultListableBeanFactory.java:1222)
	at org.springframework.beans.factory.support.DefaultListableBeanFactory.preInstantiateSingleton(DefaultListableBeanFactory.java:1188)
	at org.springframework.beans.factory.support.DefaultListableBeanFactory.preInstantiateSingletons(DefaultListableBeanFactory.java:1123)
	at org.springframework.context.support.AbstractApplicationContext.finishBeanFactoryInitialization(AbstractApplicationContext.java:987)
	at org.springframework.context.support.AbstractApplicationContext.refresh(AbstractApplicationContext.java:627)
	at org.springframework.boot.SpringApplication.refresh(SpringApplication.java:752)
	at org.springframework.boot.SpringApplication.refreshContext(SpringApplication.java:439)
	at org.springframework.boot.SpringApplication.run(SpringApplication.java:318)
	at org.springframework.boot.test.context.SpringBootContextLoader.lambda$loadContext$3(SpringBootContextLoader.java:144)
	at org.springframework.util.function.ThrowingSupplier.get(ThrowingSupplier.java:58)
	at org.springframework.util.function.ThrowingSupplier.get(ThrowingSupplier.java:46)
	at org.springframework.boot.SpringApplication.withHook(SpringApplication.java:1461)
	at org.springframework.boot.test.context.SpringBootContextLoader$ContextLoaderHook.run(SpringBootContextLoader.java:563)
	at org.springframework.boot.test.context.SpringBootContextLoader.loadContext(SpringBootContextLoader.java:144)
	at org.springframework.boot.test.context.SpringBootContextLoader.loadContext(SpringBootContextLoader.java:110)
	at org.springframework.test.context.cache.DefaultCacheAwareContextLoaderDelegate.loadContextInternal(DefaultCacheAwareContextLoaderDelegate.java:225)
	at org.springframework.test.context.cache.DefaultCacheAwareContextLoaderDelegate.loadContext(DefaultCacheAwareContextLoaderDelegate.java:152)
	... 18 more
Caused by: org.springframework.beans.BeanInstantiationException: Failed to instantiate [osplus.pkptuna.hazelcast.flows.FlowHandlerRegistry]: Factory method 'handlerRegistry' threw exception with message: Error creating bean with name 'sampleFlowHandler' defined in osplus.pkptuna.hazelcast.test.config.FlowHandlerTestConfiguration: Failed to instantiate [osplus.pkptuna.hazelcast.flows.FlowHandler]: Factory method 'sampleFlowHandler' threw exception with message: Cannot invoke "Object.hashCode()" because the return value of "com.google.protobuf.AbstractMessage.getDescriptorForType()" is null
	at org.springframework.beans.factory.support.SimpleInstantiationStrategy.lambda$instantiate$0(SimpleInstantiationStrategy.java:199)
	at org.springframework.beans.factory.support.SimpleInstantiationStrategy.instantiateWithFactoryMethod(SimpleInstantiationStrategy.java:88)
	at org.springframework.beans.factory.support.SimpleInstantiationStrategy.instantiate(SimpleInstantiationStrategy.java:168)
	at osplus.apl.core.AplInstantiationStrategy.instantiate(AplInstantiationStrategy.java:35)
	at org.springframework.beans.factory.support.ConstructorResolver.instantiate(ConstructorResolver.java:653)
	... 44 more
Caused by: org.springframework.beans.factory.BeanCreationException: Error creating bean with name 'sampleFlowHandler' defined in osplus.pkptuna.hazelcast.test.config.FlowHandlerTestConfiguration: Failed to instantiate [osplus.pkptuna.hazelcast.flows.FlowHandler]: Factory method 'sampleFlowHandler' threw exception with message: Cannot invoke "Object.hashCode()" because the return value of "com.google.protobuf.AbstractMessage.getDescriptorForType()" is null
	at org.springframework.beans.factory.support.ConstructorResolver.instantiate(ConstructorResolver.java:657)
	at org.springframework.beans.factory.support.ConstructorResolver.instantiateUsingFactoryMethod(ConstructorResolver.java:489)
	at org.springframework.beans.factory.support.AbstractAutowireCapableBeanFactory.instantiateUsingFactoryMethod(AbstractAutowireCapableBeanFactory.java:1375)
	at org.springframework.beans.factory.support.AbstractAutowireCapableBeanFactory.createBeanInstance(AbstractAutowireCapableBeanFactory.java:1205)
	at org.springframework.beans.factory.support.AbstractAutowireCapableBeanFactory.doCreateBean(AbstractAutowireCapableBeanFactory.java:569)
	at org.springframework.beans.factory.support.AbstractAutowireCapableBeanFactory.createBean(AbstractAutowireCapableBeanFactory.java:529)
	at org.springframework.beans.factory.support.AbstractBeanFactory.lambda$doGetBean$0(AbstractBeanFactory.java:339)
	at org.springframework.beans.factory.support.DefaultSingletonBeanRegistry.getSingleton(DefaultSingletonBeanRegistry.java:373)
	at org.springframework.beans.factory.support.AbstractBeanFactory.doGetBean(AbstractBeanFactory.java:337)
	at org.springframework.beans.factory.support.AbstractBeanFactory.getBean(AbstractBeanFactory.java:202)
	at org.springframework.context.annotation.ConfigurationClassEnhancer$BeanMethodInterceptor.resolveBeanReference(ConfigurationClassEnhancer.java:432)
	at org.springframework.context.annotation.ConfigurationClassEnhancer$BeanMethodInterceptor.intercept(ConfigurationClassEnhancer.java:403)
	at osplus.pkptuna.hazelcast.test.config.FlowHandlerTestConfiguration$$SpringCGLIB$$0.sampleFlowHandler(<generated>)
	at osplus.pkptuna.hazelcast.test.config.FlowHandlerTestConfiguration.handlerRegistry(FlowHandlerTestConfiguration.java:33)
	at osplus.pkptuna.hazelcast.test.config.FlowHandlerTestConfiguration$$SpringCGLIB$$0.CGLIB$handlerRegistry$5(<generated>)
	at osplus.pkptuna.hazelcast.test.config.FlowHandlerTestConfiguration$$SpringCGLIB$$FastClass$$1.invoke(<generated>)
	at org.springframework.cglib.proxy.MethodProxy.invokeSuper(MethodProxy.java:258)
	at org.springframework.context.annotation.ConfigurationClassEnhancer$BeanMethodInterceptor.intercept(ConfigurationClassEnhancer.java:400)
	at osplus.pkptuna.hazelcast.test.config.FlowHandlerTestConfiguration$$SpringCGLIB$$0.handlerRegistry(<generated>)
	at java.base/java.lang.reflect.Method.invoke(Method.java:580)
	at org.springframework.beans.factory.support.SimpleInstantiationStrategy.lambda$instantiate$0(SimpleInstantiationStrategy.java:171)
	... 48 more
Caused by: org.springframework.beans.BeanInstantiationException: Failed to instantiate [osplus.pkptuna.hazelcast.flows.FlowHandler]: Factory method 'sampleFlowHandler' threw exception with message: Cannot invoke "Object.hashCode()" because the return value of "com.google.protobuf.AbstractMessage.getDescriptorForType()" is null
	at org.springframework.beans.factory.support.SimpleInstantiationStrategy.lambda$instantiate$0(SimpleInstantiationStrategy.java:199)
	at org.springframework.beans.factory.support.SimpleInstantiationStrategy.instantiateWithFactoryMethod(SimpleInstantiationStrategy.java:88)
	at org.springframework.beans.factory.support.SimpleInstantiationStrategy.instantiate(SimpleInstantiationStrategy.java:168)
	at osplus.apl.core.AplInstantiationStrategy.instantiate(AplInstantiationStrategy.java:35)
	at org.springframework.beans.factory.support.ConstructorResolver.instantiate(ConstructorResolver.java:653)
	... 68 more
Caused by: java.lang.NullPointerException: Cannot invoke "Object.hashCode()" because the return value of "com.google.protobuf.AbstractMessage.getDescriptorForType()" is null
	at com.google.protobuf.AbstractMessage.hashCode(AbstractMessage.java:154)
	at osplus.pkptuna.hazelcast.test.config.FlowHandlerTestConfiguration.sampleFlowHandler(FlowHandlerTestConfiguration.java:72)
	at osplus.pkptuna.hazelcast.test.config.FlowHandlerTestConfiguration$$SpringCGLIB$$0.CGLIB$sampleFlowHandler$1(<generated>)
	at osplus.pkptuna.hazelcast.test.config.FlowHandlerTestConfiguration$$SpringCGLIB$$FastClass$$1.invoke(<generated>)
	at org.springframework.cglib.proxy.MethodProxy.invokeSuper(MethodProxy.java:258)
	at org.springframework.context.annotation.ConfigurationClassEnhancer$BeanMethodInterceptor.intercept(ConfigurationClassEnhancer.java:400)
	at osplus.pkptuna.hazelcast.test.config.FlowHandlerTestConfiguration$$SpringCGLIB$$0.sampleFlowHandler(<generated>)
	at java.base/java.lang.reflect.Method.invoke(Method.java:580)
	at org.springframework.beans.factory.support.SimpleInstantiationStrategy.lambda$instantiate$0(SimpleInstantiationStrategy.java:171)
	... 72 more

[INFO] Running osplus.pkptuna.hazelcast.pubsub.ReliableTopicPublisherTest
